<?xml version="1.0" encoding="UTF-8"?>
<testng-results skipped="0" failed="0" total="1" passed="1">
  <reporter-output>
  </reporter-output>
  <suite name="Default suite" duration-ms="65721" started-at="2018-01-18T04:41:48Z" finished-at="2018-01-18T04:42:53Z">
    <groups>
    </groups>
    <test name="Default test" duration-ms="65721" started-at="2018-01-18T04:41:48Z" finished-at="2018-01-18T04:42:53Z">
      <class name="Ashwanth.Framework.chromebrowserlaunch">
        <test-method status="PASS" signature="Login()[pri:0, instance:Ashwanth.Framework.chromebrowserlaunch@20398b7c]" name="Login" is-config="true" duration-ms="36164" started-at="2018-01-18T10:11:48Z" finished-at="2018-01-18T10:12:24Z">
          <reporter-output>
          </reporter-output>
        </test-method> <!-- Login -->
        <test-method status="PASS" signature="Login2()[pri:0, instance:Ashwanth.Framework.chromebrowserlaunch@20398b7c]" name="Login2" duration-ms="29517" started-at="2018-01-18T10:12:24Z" finished-at="2018-01-18T10:12:53Z">
          <reporter-output>
          </reporter-output>
        </test-method> <!-- Login2 -->
      </class> <!-- Ashwanth.Framework.chromebrowserlaunch -->
    </test> <!-- Default test -->
  </suite> <!-- Default suite -->
</testng-results>
