<?xml version="1.0" encoding="UTF-8"?>
<testng-results skipped="0" failed="0" total="1" passed="1">
  <reporter-output>
  </reporter-output>
  <suite name="Default suite" duration-ms="40310" started-at="2018-01-18T08:36:47Z" finished-at="2018-01-18T08:37:28Z">
    <groups>
    </groups>
    <test name="Default test" duration-ms="40310" started-at="2018-01-18T08:36:47Z" finished-at="2018-01-18T08:37:28Z">
      <class name="com.ashwanth.tests.Test_1_CRMLogin">
        <test-method status="PASS" signature="LaunchBrowser()[pri:0, instance:com.ashwanth.tests.Test_1_CRMLogin@6fc6f14e]" name="LaunchBrowser" is-config="true" duration-ms="12508" started-at="2018-01-18T14:06:47Z" finished-at="2018-01-18T14:07:00Z">
          <reporter-output>
          </reporter-output>
        </test-method> <!-- LaunchBrowser -->
        <test-method status="PASS" signature="Login()[pri:0, instance:com.ashwanth.tests.Test_1_CRMLogin@6fc6f14e]" name="Login" duration-ms="21841" started-at="2018-01-18T14:07:00Z" finished-at="2018-01-18T14:07:22Z">
          <reporter-output>
          </reporter-output>
        </test-method> <!-- Login -->
        <test-method status="PASS" signature="Account_Page()[pri:0, instance:com.ashwanth.tests.Test_1_CRMLogin@6fc6f14e]" name="Account_Page" is-config="true" duration-ms="5941" started-at="2018-01-18T14:07:22Z" finished-at="2018-01-18T14:07:28Z">
          <reporter-output>
          </reporter-output>
        </test-method> <!-- Account_Page -->
      </class> <!-- com.ashwanth.tests.Test_1_CRMLogin -->
    </test> <!-- Default test -->
  </suite> <!-- Default suite -->
</testng-results>
