<?xml version="1.0" encoding="UTF-8"?>
<testng-results skipped="0" failed="0" total="2" passed="2">
  <reporter-output>
  </reporter-output>
  <suite name="TestSuite" duration-ms="72482" started-at="2018-01-18T05:41:09Z" finished-at="2018-01-18T05:42:21Z">
    <groups>
    </groups>
    <test name="CRM TEST" duration-ms="72482" started-at="2018-01-18T05:41:09Z" finished-at="2018-01-18T05:42:21Z">
      <class name="com.ashwanth.tests.Test_1_CRMLogin">
        <test-method status="PASS" signature="LaunchBrowser()[pri:0, instance:com.ashwanth.tests.Test_1_CRMLogin@20398b7c]" name="LaunchBrowser" is-config="true" duration-ms="9259" started-at="2018-01-18T11:11:09Z" finished-at="2018-01-18T11:11:18Z">
          <reporter-output>
          </reporter-output>
        </test-method> <!-- LaunchBrowser -->
        <test-method status="PASS" signature="Login()[pri:0, instance:com.ashwanth.tests.Test_1_CRMLogin@20398b7c]" name="Login" duration-ms="21834" started-at="2018-01-18T11:11:18Z" finished-at="2018-01-18T11:11:40Z">
          <reporter-output>
          </reporter-output>
        </test-method> <!-- Login -->
        <test-method status="PASS" signature="LaunchBrowser()[pri:0, instance:com.ashwanth.tests.Test_1_CRMLogin@20398b7c]" name="LaunchBrowser" is-config="true" duration-ms="21411" started-at="2018-01-18T11:11:40Z" finished-at="2018-01-18T11:12:01Z">
          <reporter-output>
          </reporter-output>
        </test-method> <!-- LaunchBrowser -->
        <test-method status="PASS" signature="Login1()[pri:0, instance:com.ashwanth.tests.Test_1_CRMLogin@20398b7c]" name="Login1" duration-ms="19947" started-at="2018-01-18T11:12:01Z" finished-at="2018-01-18T11:12:21Z">
          <reporter-output>
          </reporter-output>
        </test-method> <!-- Login1 -->
      </class> <!-- com.ashwanth.tests.Test_1_CRMLogin -->
    </test> <!-- CRM TEST -->
  </suite> <!-- TestSuite -->
</testng-results>
