<?xml version="1.0" encoding="UTF-8"?>
<testng-results skipped="0" failed="0" ignored="0" total="1" passed="1">
  <reporter-output>
  </reporter-output>
  <suite name="Default suite" duration-ms="7778" started-at="2018-02-13T13:38:39Z" finished-at="2018-02-13T13:38:47Z">
    <groups>
    </groups>
    <test name="Default test" duration-ms="7778" started-at="2018-02-13T13:38:39Z" finished-at="2018-02-13T13:38:47Z">
      <class name="com.ashwanth.tests.Test_1_CRMLogin">
        <test-method status="PASS" signature="LaunchBrowser()[pri:0, instance:com.ashwanth.tests.Test_1_CRMLogin@6e0e048a]" name="LaunchBrowser" is-config="true" duration-ms="7279" started-at="2018-02-13T19:08:39Z" finished-at="2018-02-13T19:08:46Z">
          <reporter-output>
          </reporter-output>
        </test-method> <!-- LaunchBrowser -->
        <test-method status="PASS" signature="Login()[pri:0, instance:com.ashwanth.tests.Test_1_CRMLogin@6e0e048a]" name="Login" duration-ms="481" started-at="2018-02-13T19:08:46Z" finished-at="2018-02-13T19:08:47Z">
          <reporter-output>
          </reporter-output>
        </test-method> <!-- Login -->
      </class> <!-- com.ashwanth.tests.Test_1_CRMLogin -->
    </test> <!-- Default test -->
  </suite> <!-- Default suite -->
</testng-results>
