<?xml version="1.0" encoding="UTF-8"?>
<testng-results skipped="0" failed="0" ignored="0" total="1" passed="1">
  <reporter-output>
  </reporter-output>
  <suite name="Default suite" duration-ms="12789" started-at="2018-02-14T04:56:43Z" finished-at="2018-02-14T04:56:56Z">
    <groups>
    </groups>
    <test name="Default test" duration-ms="12789" started-at="2018-02-14T04:56:43Z" finished-at="2018-02-14T04:56:56Z">
      <class name="com.ashwanth.tests.Test_1_CRMLogin">
        <test-method status="PASS" signature="LaunchBrowser()[pri:0, instance:com.ashwanth.tests.Test_1_CRMLogin@6e0e048a]" name="LaunchBrowser" is-config="true" duration-ms="12154" started-at="2018-02-14T10:26:43Z" finished-at="2018-02-14T10:26:55Z">
          <reporter-output>
          </reporter-output>
        </test-method> <!-- LaunchBrowser -->
        <test-method status="PASS" signature="Login()[pri:0, instance:com.ashwanth.tests.Test_1_CRMLogin@6e0e048a]" name="Login" duration-ms="611" started-at="2018-02-14T10:26:55Z" finished-at="2018-02-14T10:26:56Z">
          <reporter-output>
          </reporter-output>
        </test-method> <!-- Login -->
      </class> <!-- com.ashwanth.tests.Test_1_CRMLogin -->
    </test> <!-- Default test -->
  </suite> <!-- Default suite -->
</testng-results>
