<?xml version="1.0" encoding="UTF-8"?>
<testng-results skipped="0" failed="0" total="1" passed="1">
  <reporter-output>
  </reporter-output>
  <suite name="Default suite" duration-ms="51919" started-at="2018-01-18T06:33:31Z" finished-at="2018-01-18T06:34:23Z">
    <groups>
    </groups>
    <test name="Default test" duration-ms="51919" started-at="2018-01-18T06:33:31Z" finished-at="2018-01-18T06:34:23Z">
      <class name="com.ashwanth.tests.Test_1_CRMLogin">
        <test-method status="PASS" signature="LaunchBrowser()[pri:0, instance:com.ashwanth.tests.Test_1_CRMLogin@20398b7c]" name="LaunchBrowser" is-config="true" duration-ms="7911" started-at="2018-01-18T12:03:31Z" finished-at="2018-01-18T12:03:39Z">
          <reporter-output>
          </reporter-output>
        </test-method> <!-- LaunchBrowser -->
        <test-method status="PASS" signature="Login1()[pri:0, instance:com.ashwanth.tests.Test_1_CRMLogin@20398b7c]" name="Login1" duration-ms="43977" started-at="2018-01-18T12:03:39Z" finished-at="2018-01-18T12:04:23Z">
          <reporter-output>
          </reporter-output>
        </test-method> <!-- Login1 -->
      </class> <!-- com.ashwanth.tests.Test_1_CRMLogin -->
    </test> <!-- Default test -->
  </suite> <!-- Default suite -->
</testng-results>
