<?xml version="1.0" encoding="UTF-8"?>
<testng-results skipped="0" failed="0" ignored="0" total="1" passed="1">
  <reporter-output>
  </reporter-output>
  <suite name="Default suite" duration-ms="98949" started-at="2018-01-31T04:51:10Z" finished-at="2018-01-31T04:52:49Z">
    <groups>
    </groups>
    <test name="Default test" duration-ms="98949" started-at="2018-01-31T04:51:10Z" finished-at="2018-01-31T04:52:49Z">
      <class name="com.ashwanth.tests.Test_2_CRMLogin">
        <test-method status="PASS" signature="LaunchBrowser()[pri:0, instance:com.ashwanth.tests.Test_2_CRMLogin@887af79]" name="LaunchBrowser" is-config="true" duration-ms="12069" started-at="2018-01-31T10:21:10Z" finished-at="2018-01-31T10:21:22Z">
          <reporter-output>
          </reporter-output>
        </test-method> <!-- LaunchBrowser -->
        <test-method status="PASS" signature="Login()[pri:0, instance:com.ashwanth.tests.Test_2_CRMLogin@887af79]" name="Login" duration-ms="24494" started-at="2018-01-31T10:21:22Z" finished-at="2018-01-31T10:21:47Z">
          <reporter-output>
          </reporter-output>
        </test-method> <!-- Login -->
        <test-method status="PASS" signature="Account_Page()[pri:0, instance:com.ashwanth.tests.Test_2_CRMLogin@887af79]" name="Account_Page" is-config="true" duration-ms="62360" started-at="2018-01-31T10:21:47Z" finished-at="2018-01-31T10:22:49Z">
          <reporter-output>
          </reporter-output>
        </test-method> <!-- Account_Page -->
      </class> <!-- com.ashwanth.tests.Test_2_CRMLogin -->
    </test> <!-- Default test -->
  </suite> <!-- Default suite -->
</testng-results>
